<?xml version="1.0" encoding="UTF-8"?>
<testsuite xmlns:xsi="http://www.w3.org/2001/XMLSchema-instance" xsi:noNamespaceSchemaLocation="https://maven.apache.org/surefire/maven-surefire-plugin/xsd/surefire-test-report-3.0.xsd" version="3.0" name="course.javaqa.calculator.CalculatorTest" time="0.055" tests="4" errors="0" skipped="0" failures="0">
  <properties>
[...]
</properties>
  <testcase name="givenXandZeroDivider_whenDivide_thenArithmeticExceptionAssertion" classname="course.javaqa.calculator.CalculatorTest" time="0.002"/>
  <testcase name="givenXandY_whenAdd_thenAddResultXplusY" classname="course.javaqa.calculator.CalculatorTest" time="0.001"/>
  <testcase name="givenXandY_whenMultiply_thenMultiplicationResultXY" classname="course.javaqa.calculator.CalculatorTest" time="0.001"/>
  <testcase name="givenXandNonZeroY_whenDivide_thenResultXDividedByY" classname="course.javaqa.calculator.CalculatorTest" time="0.001"/>
</testsuite>