<?xml version="1.0" encoding="UTF-8"?>
<!-- Generated by org.testng.reporters.JUnitXMLReporter -->
<testsuite ignored="0" hostname="office27" failures="0" tests="2" name="test suite" time="0.031" errors="0" timestamp="2022-01-31T19:16:04 EET">
  <testcase classname="course.javaqa.calculator.CalculatorTests" name="givenTwoNumbers_whenMultiply_thenProduct" time="0.002"/>
  <testcase classname="course.javaqa.calculator.ParameterizedTests" name="givenTwoNumbers_whenMultiply_thenProduct" time="0.0"/>
</testsuite> <!-- test suite -->
