<?xml version="1.0" encoding="UTF-8"?>
<testng-results ignored="0" total="2" passed="2" failed="0" skipped="0">
  <reporter-output>
  </reporter-output>
  <suite started-at="2022-01-31T19:16:04 EET" name="suite" finished-at="2022-01-31T19:16:04 EET" duration-ms="31">
    <groups>
    </groups>
    <test started-at="2022-01-31T19:16:04 EET" name="test suite" finished-at="2022-01-31T19:16:04 EET" duration-ms="31">
      <class name="course.javaqa.calculator.ParameterizedTests">
        <test-method is-config="true" signature="setup()[pri:0, instance:course.javaqa.calculator.ParameterizedTests@1b68b9a4]" started-at="2022-01-31T19:16:04 EET" name="setup" finished-at="2022-01-31T19:16:04 EET" duration-ms="0" status="PASS">
          <reporter-output>
          </reporter-output>
        </test-method> <!-- setup -->
        <test-method signature="givenTwoNumbers_whenMultiply_thenProduct()[pri:0, instance:course.javaqa.calculator.ParameterizedTests@1b68b9a4]" started-at="2022-01-31T19:16:04 EET" name="givenTwoNumbers_whenMultiply_thenProduct" finished-at="2022-01-31T19:16:04 EET" duration-ms="0" status="PASS">
          <reporter-output>
          </reporter-output>
        </test-method> <!-- givenTwoNumbers_whenMultiply_thenProduct -->
        <test-method is-config="true" signature="tearDown()[pri:0, instance:course.javaqa.calculator.ParameterizedTests@1b68b9a4]" started-at="2022-01-31T19:16:04 EET" name="tearDown" finished-at="2022-01-31T19:16:04 EET" duration-ms="1" status="PASS">
          <reporter-output>
          </reporter-output>
        </test-method> <!-- tearDown -->
      </class> <!-- course.javaqa.calculator.ParameterizedTests -->
      <class name="course.javaqa.calculator.CalculatorTests">
        <test-method is-config="true" signature="setup()[pri:0, instance:course.javaqa.calculator.CalculatorTests@64d2d351]" started-at="2022-01-31T19:16:04 EET" name="setup" finished-at="2022-01-31T19:16:04 EET" duration-ms="5" status="PASS">
          <reporter-output>
          </reporter-output>
        </test-method> <!-- setup -->
        <test-method signature="givenTwoNumbers_whenMultiply_thenProduct()[pri:0, instance:course.javaqa.calculator.CalculatorTests@64d2d351]" started-at="2022-01-31T19:16:04 EET" name="givenTwoNumbers_whenMultiply_thenProduct" finished-at="2022-01-31T19:16:04 EET" duration-ms="2" status="PASS">
          <reporter-output>
          </reporter-output>
        </test-method> <!-- givenTwoNumbers_whenMultiply_thenProduct -->
        <test-method is-config="true" signature="tearDown()[pri:0, instance:course.javaqa.calculator.CalculatorTests@64d2d351]" started-at="2022-01-31T19:16:04 EET" name="tearDown" finished-at="2022-01-31T19:16:04 EET" duration-ms="0" status="PASS">
          <reporter-output>
          </reporter-output>
        </test-method> <!-- tearDown -->
      </class> <!-- course.javaqa.calculator.CalculatorTests -->
    </test> <!-- test suite -->
  </suite> <!-- suite -->
</testng-results>
